Page 1           Source Listing                  INDEXC40
2017-04-18 11:09                                 indexc40.f

      1 c$$$  subprogram documentation block
      2 c
      3 c subprogram: indexc40
      4 c   Programmer: D. Keyser       Org: NP22       Date: 2012-05-08
      5 c
      6 c Abstract: Uses efficient sort algorithm to produce index sort list for a 40-character
      7 c   array.  Does not rearrange the file.
      8 c
      9 c Program History Log:
     10 c 1993-06-05  R  Kistler -- FORTRAN version of C-program
     11 c 1993-07-15  P. Julian  -- Modified to sort 12-character array
     12 c 1994-08-25  D. Keyser  -- Modified to sort 16-character array
     13 c 1995-05-30  D. Keyser  -- Tests for < 2 elements in sort list, if so returns without
     14 c                            sorting (but fills indx array)
     15 c ????-??-??  P. M. Pauley (NRL) -- Size of carrin changed to character*24
     16 c 2010-11-15  S. Bender  -- Size of carrin changed to character*40
     17 c 2012-05-08  D. Keyser  -- Prepared for operational implementation
     18 c             
     19 c Usage:    call indexc40(n,carrin,indx)
     20 c
     21 c   Input argument list:
     22 c     n        - Size of array to be sorted
     23 c     carrin   - 40-character array to be sorted
     24 c
     25 c   Output argument list:
     26 c     indx     - Array of pointers giving sort order of carrin in ascending order {e.g.,
     27 c                carrin(indx(i)) is sorted in ascending order for original i = 1, ... ,n}
     28 c
     29 c Remarks: Called by main program.
     30 c
     31 c Attributes:
     32 c   Language: FORTRAN 90
     33 c   Machine:  NCEP WCOSS
     34 c
     35 c$$$
     36       subroutine indexc40(n,carrin,indx)
     37 
     38       implicit none
     39 
     40       integer      n              ! dimension of array to be sorted
     41      +,            j              ! do loop index, sort variable
     42      +,            i              ! sort variable
     43      +,            l              ! variable used to decide if sort is finished
     44      +,            ir             !           "                 "
     45      +,            indx(n)        ! pointer array
     46      +,            indxt          ! pointer used in sort
     47 
     48       character*40 carrin(n)      ! input array to be sorted
     49      +,            cc             ! character variable used in sort
     50 
     51 c # # # # # # # # # # # # # # # # # # # # # # # # # # # # # # # # # # #
     52 
     53       do j = 1,n
     54         indx(j) = j
     55       enddo
     56 
     57 c Must be > 1 element in sort list, else return

Page 2           Source Listing                  INDEXC40
2017-04-18 11:09                                 indexc40.f

     58 c ---------------------------------------------
     59 
     60       if(n.le.1)  return
     61 
     62       l = n/2 + 1
     63       ir = n
     64 
     65    33 continue
     66       if(l.gt.1) then
     67          l = l - 1
     68          indxt = indx(l)
     69          cc = carrin(indxt)
     70       else
     71          indxt = indx(ir)
     72          cc = carrin(indxt)
     73          indx(ir) = indx(1)
     74          ir = ir - 1
     75          if(ir.eq.1) then
     76             indx(1) = indxt
     77             return
     78          endif
     79       endif
     80 
     81       i = l
     82       j = l * 2
     83 
     84    30 continue
     85       if(j.le.ir)  then
     86         if(j.lt.ir)  then
     87           if(carrin(indx(j)).lt.carrin(indx(j+1)))  j = j + 1
     88         endif
     89         if(cc.lt.carrin(indx(j))) then
     90           indx(i) = indx(j)
     91           i = j
     92           j = j + i
     93         else
     94           j = ir + 1
     95         endif
     96       endif
     97 
     98       if(j.le.ir) go to 30
     99       indx(i) = indxt
    100       go to 33
    101 
    102       end

Page 3           Source Listing                  INDEXC40
2017-04-18 11:09 Entry Points                    indexc40.f



ENTRY POINTS

  Name                 
                       
 indexc40_             


SYMBOL CROSS REFERENCE

 Name                       Object Declared Type            Bytes Dimen Elements Attributes       References                        
                                                                                                                                    
 30                         Label  84                                                             98                                
 33                         Label  65                                                             100                               
 CARRIN                     Dummy  36       CHAR            40    1     0        ARG,INOUT        69,72,87,89                       
 CC                         Local  49       CHAR            40          scalar                    69,72,89                          
 I                          Local  42       I(4)            4           scalar                    81,90,91,92,99                    
 INDEXC40                   Subr   36                                                                                               
 INDX                       Dummy  36       I(4)            4     1     0        ARG,INOUT        54,68,71,73,76,87,89,90,99        
 INDXT                      Local  46       I(4)            4           scalar                    68,69,71,72,76,99                 
 IR                         Local  44       I(4)            4           scalar                    63,71,73,74,75,85,86,94,98        
 J                          Local  41       I(4)            4           scalar                    53,54,82,85,86,87,89,90,91,92,94,9
                                                                                                  8                                 
 L                          Local  43       I(4)            4           scalar                    62,66,67,68,81,82                 
 N                          Dummy  36       I(4)            4           scalar   ARG,INOUT        45,48,53,60,62,63                 

Page 4           Source Listing                  INDEXC40
2017-04-18 11:09                                 indexc40.f

    103 

Page 5           Source Listing                  INDEXC40
2017-04-18 11:09 Subprograms/Common Blocks       indexc40.f



SUBPROGRAMS/COMMON BLOCKS

 Name                       Object Declared Type            Bytes Dimen Elements Attributes       References                        
                                                                                                                                    
 INDEXC40                   Subr   36                                                                                               

COMPILER OPTIONS BEING USED

       -align noall                          -align nonone
       -align nocommons                      -align nodcommons
       -align noqcommons                     -align nozcommons
       -align records                        -align nosequence
       -align norec1byte                     -align norec2byte
       -align norec4byte                     -align norec8byte
       -align norec16byte                    -align norec32byte
       -align norec64byte                    -align noarray8byte
       -align noarray16byte                  -align noarray32byte
       -align noarray64byte                  -align noarray128byte
       -align noarray256byte                 -altparam
       -assume accuracy_sensitive            -assume nobscc
       -assume nobuffered_io                 -assume nobuffered_stdout
       -assume nobyterecl                    -assume nocc_omp
       -assume nocstring                     -assume nodummy_aliases
       -assume nofpe_summary                 -assume noieee_fpe_flags
       -assume nominus0                      -assume noold_boz
       -assume old_complex_align             -assume old_unit_star
       -assume noold_ldout_format            -assume noold_logical_ldio
       -assume old_maxminloc                 -assume old_xor
       -assume noprotect_allocates           -assume protect_constants
       -assume noprotect_parens              -assume split_common
       -assume source_include                -assume nostd_intent_in
       -assume std_minus0_rounding           -assume nostd_mod_proc_name
       -assume std_value                     -assume norealloc_lhs
       -assume underscore                    -assume no2underscores
  no   -auto                                 -auto_scalar
  no   -bintext                              -ccdefault default
       -check noargs                         -check noarg_temp_created
       -check noassume                       -check nobounds
       -check noformat                       -check nooutput_conversion
       -check nooverflow                     -check nopointers
       -check power                          -check noshape
       -check nostack                        -check nounderflow
       -check nouninitialized                -coarray-num-procs 0
  no   -coarray-config-file                  -convert big_endian
       -cross_reference                      -D __INTEL_COMPILER=1600
       -D __INTEL_COMPILER_UPDATE=3          -D __unix__
       -D __unix                             -D __linux__
       -D __linux                            -D __gnu_linux__
       -D unix                               -D linux
       -D __ELF__                            -D __x86_64
       -D __x86_64__                         -D __amd64
       -D __amd64__                          -D __INTEL_COMPILER_BUILD_DATE=20160415
       -D __INTEL_OFFLOAD                    -D __i686
       -D __i686__                           -D __pentiumpro
       -D __pentiumpro__                     -D __pentium4

Page 6           Source Listing                  INDEXC40
2017-04-18 11:09                                 indexc40.f

       -D __pentium4__                       -D __tune_pentium4__
       -D __SSE2__                           -D __SSE2_MATH__
       -D __SSE__                            -D __SSE_MATH__
       -D __MMX__                            -double_size 64
  no   -d_lines                         no   -Qdyncom
       -error_limit 30                  no   -f66
  no   -f77rtl                          no   -fast
       -fpscomp nofilesfromcmd               -fpscomp nogeneral
       -fpscomp noioformat                   -fpscomp noldio_spacing
       -fpscomp nologicals                   -fixed
  no   -fpconstant                           -fpe3
       -fprm nearest                    no   -ftz
       -fp_model noprecise                   -fp_model fast
       -fp_model nostrict                    -fp_model nosource
       -fp_model nodouble                    -fp_model noextended
       -fp_model novery_fast                 -fp_model noexcept
       -fp_model nono_except                 -heap_arrays 0
  no   -threadprivate_compat                 -g2
       -iface nomixed_str_len_arg            -iface nono_mixed_str_len_arg
       -init noarrays                        -init noinf
       -init nonan                           -init nosnan
       -init nozero                     no   -intconstant
       -integer_size 32                 no   -mixed_str_len_arg
  no   -module                               -names lowercase
  no   -noinclude                            -offload-build=host
       -O2                              no   -pad_source
       -real_size 32                    no   -recursive
       -reentrancy none                 no   -sharable_localsaves
       -vec=simd                             -show noinclude
       -show map                             -show options
  no   -syntax_only                     no   -threadcom
  no   -U                               no   -vms
       -w noall                              -w nonone
       -w alignments                         -w noargument_checking
       -w nodeclarations                     -w general
       -w noignore_bounds                    -w noignore_loc
       -w nointerfaces                       -w notruncated_source
       -w uncalled                           -w uninitialized
       -w nounused                           -w usage
  no   -wrap-margins

       -includepath : /usrx/local/intel/2016SP3/daal/include/,/usr/include/,.FOR,./.FOR,/usrx/local/intel/2016SP3/ipp/include/.FOR,
           /usrx/local/intel/2016SP3/mkl/include/.FOR,/usrx/local/intel/2016SP3/tbb/include/.FOR,/usrx/local/intel/2016SP3/daal/include/.FOR,
           /gpfs/tp1/usrx/local/intel/2016SP3/compilers_and_libraries_2016.3.210/linux/compiler/include/intel64/.FOR,
           /gpfs/tp1/usrx/local/intel/2016SP3/compilers_and_libraries_2016.3.210/linux/compiler/include/.FOR,/usr/local/include/.FOR,
           /usr/lib/gcc/x86_64-redhat-linux/4.4.7/include/.FOR,/usr/include/.FOR,/usr/include/.FOR,/usr/include/.FOR
       -list filename : indexc40.lst
       -o    filename : none

COMPILER: Intel(R) Fortran 16.0-1633
