Page 1           Source Listing                  
2017-04-18 11:09                                 pietc.f90

      1 !
      2 !=============================================================================
      3 module pietc


SYMBOL CROSS REFERENCE

 Name                       Object Declared Type            Bytes Dimen Elements Attributes       References                        
                                                                                                                                    
 C0                         Param  69       C(16)           16          scalar                                                      
 C1                         Param  69       C(16)           16          scalar                    69,71                             
 CI                         Param  69       C(16)           16          scalar                    69,78                             
 CIPI                       Param  69       C(16)           16          scalar                                                      
 DP                         Param  13       I(4)            4           scalar                    13,16,19,20,21,22,24,25,26,29,31,3
                                                                                                  5,36,37,38,39,40,41,42,44,45,46,47
                                                                                                  ,49,50,51,52,54,55,56,57,58,59,60,
                                                                                                  61                                
 DPC                        Param  13       I(4)            4           scalar                    13,68                             
 DTOR                       Param  33       R(8)            8           scalar                                                      
 EULER                      Param  31       R(8)            8           scalar                                                      
 F                          Param  15       L(4)            4           scalar                                                      
 MC1                        Param  69       C(16)           16          scalar                                                      
 MCI                        Param  69       C(16)           16          scalar                                                      
 MS10                       Param  63       R(8)            8           scalar                    78                                
 MS11                       Param  63       R(8)            8           scalar                    78                                
 MS13                       Param  63       R(8)            8           scalar                    78                                
 MS15                       Param  63       R(8)            8           scalar                    79                                
 MS18                       Param  63       R(8)            8           scalar                    79                                
 MS20                       Param  63       R(8)            8           scalar                    79                                
 MS22                       Param  63       R(8)            8           scalar                    79                                
 MS26                       Param  64       R(8)            8           scalar                    80                                
 MS30                       Param  64       R(8)            8           scalar                    80                                
 MS34                       Param  64       R(8)            8           scalar                    80                                
 MS36                       Param  64       R(8)            8           scalar                    80                                
 MS39                       Param  64       R(8)            8           scalar                    81                                
 MS40                       Param  64       R(8)            8           scalar                    81                                
 MS45                       Param  64       R(8)            8           scalar                    81                                
 MS50                       Param  65       R(8)            8           scalar                    81                                
 MS51                       Param  65       R(8)            8           scalar                    82                                
 MS54                       Param  65       R(8)            8           scalar                    82                                
 MS56                       Param  65       R(8)            8           scalar                    82                                
 MS60                       Param  65       R(8)            8           scalar                    82                                
 MS64                       Param  65       R(8)            8           scalar                    83                                
 MS68                       Param  65       R(8)            8           scalar                    83                                
 MS70                       Param  66       R(8)            8           scalar                    83                                
 MS72                       Param  66       R(8)            8           scalar                    83                                
 MS75                       Param  66       R(8)            8           scalar                    84                                
 MS77                       Param  66       R(8)            8           scalar                    84                                
 MS79                       Param  66       R(8)            8           scalar                    84                                
 MS80                       Param  66       R(8)            8           scalar                    84                                
 MU1                        Param  17       R(8)            8           scalar                                                      
 MU2                        Param  17       R(8)            8           scalar                                                      
 MU3                        Param  17       R(8)            8           scalar                                                      
 MU4                        Param  17       R(8)            8           scalar                                                      
 MU5                        Param  17       R(8)            8           scalar                                                      
 MU6                        Param  18       R(8)            8           scalar                                                      
 O2                         Param  18       R(8)            8           scalar                    43,53                             

Page 2           Source Listing                  
2017-04-18 11:09 Symbol Table                    pietc.f90

 Name                       Object Declared Type            Bytes Dimen Elements Attributes       References                        
                                                                                                                                    
 O3                         Param  18       R(8)            8           scalar                                                      
 O4                         Param  18       R(8)            8           scalar                                                      
 O5                         Param  18       R(8)            8           scalar                                                      
 O6                         Param  18       R(8)            8           scalar                                                      
 OR2                        Param  27       R(8)            8           scalar                    48                                
 OR3                        Param  27       R(8)            8           scalar                                                      
 OR5                        Param  27       R(8)            8           scalar                                                      
 PHI                        Param  29       R(8)            8           scalar                                                      
 PI                         Param  19       R(8)            8           scalar                    33,69                             
 PI2                        Param  20       R(8)            8           scalar                                                      
 PIETC                      Module 3                                                                                                
 PIH                        Param  21       R(8)            8           scalar                                                      
 PKIND                      Module 13                                                             13                                
 R2                         Param  24       R(8)            8           scalar                    27                                
 R3                         Param  25       R(8)            8           scalar                    27,53                             
 R5                         Param  26       R(8)            8           scalar                    27                                
 RPI                        Param  22       R(8)            8           scalar                                                      
 RTOD                       Param  33       R(8)            8           scalar                                                      
 S10                        Param  35       R(8)            8           scalar                    63,71,77,84                       
 S11                        Param  36       R(8)            8           scalar                    63,71,77,84                       
 S13                        Param  37       R(8)            8           scalar                    63,71,77,84                       
 S15                        Param  38       R(8)            8           scalar                    63,72,77,84                       
 S18                        Param  39       R(8)            8           scalar                    63,72,76,83                       
 S20                        Param  40       R(8)            8           scalar                    63,72,76,83                       
 S22                        Param  41       R(8)            8           scalar                    63,72,76,83                       
 S26                        Param  42       R(8)            8           scalar                    64,73,76,83                       
 S30                        Param  43       R(8)            8           scalar                    64,73,75,82                       
 S34                        Param  44       R(8)            8           scalar                    64,73,75,82                       
 S36                        Param  45       R(8)            8           scalar                    64,73,75,82                       
 S39                        Param  46       R(8)            8           scalar                    64,74,75,82                       
 S40                        Param  47       R(8)            8           scalar                    64,74,81                          
 S45                        Param  48       R(8)            8           scalar                    64,74,81                          
 S50                        Param  49       R(8)            8           scalar                    65,74,81                          
 S51                        Param  50       R(8)            8           scalar                    65,74,75,81                       
 S54                        Param  51       R(8)            8           scalar                    65,73,75,80                       
 S56                        Param  52       R(8)            8           scalar                    65,73,75,80                       
 S60                        Param  53       R(8)            8           scalar                    65,73,75,80                       
 S64                        Param  54       R(8)            8           scalar                    65,73,76,80                       
 S68                        Param  55       R(8)            8           scalar                    65,72,76,79                       
 S70                        Param  56       R(8)            8           scalar                    66,72,76,79                       
 S72                        Param  57       R(8)            8           scalar                    66,72,76,79                       
 S75                        Param  58       R(8)            8           scalar                    66,72,77,79                       
 S77                        Param  59       R(8)            8           scalar                    66,71,77,78                       
 S79                        Param  60       R(8)            8           scalar                    66,71,77,78                       
 S80                        Param  61       R(8)            8           scalar                    66,71,77,78                       
 T                          Param  15       L(4)            4           scalar                                                      
 U0                         Param  17       R(8)            8           scalar                    69                                
 U1                         Param  17       R(8)            8           scalar                    17,18,27,69                       
 U2                         Param  17       R(8)            8           scalar                    17                                
 U3                         Param  17       R(8)            8           scalar                    17                                
 U4                         Param  17       R(8)            8           scalar                    17                                
 U5                         Param  17       R(8)            8           scalar                    17                                
 U6                         Param  18       R(8)            8           scalar                    18                                
 Z000                       Param  71       C(16)           16          scalar                    85                                
 Z010                       Param  71       C(16)           16          scalar                    85                                

Page 3           Source Listing                  
2017-04-18 11:09 Symbol Table                    pietc.f90

 Name                       Object Declared Type            Bytes Dimen Elements Attributes       References                        
                                                                                                                                    
 Z011                       Param  71       C(16)           16          scalar                    85                                
 Z013                       Param  71       C(16)           16          scalar                    85                                
 Z015                       Param  72       C(16)           16          scalar                    85                                
 Z018                       Param  72       C(16)           16          scalar                    85                                
 Z020                       Param  72       C(16)           16          scalar                    86                                
 Z022                       Param  72       C(16)           16          scalar                    86                                
 Z026                       Param  73       C(16)           16          scalar                    86                                
 Z030                       Param  73       C(16)           16          scalar                    86                                
 Z034                       Param  73       C(16)           16          scalar                    86                                
 Z036                       Param  73       C(16)           16          scalar                    86                                
 Z039                       Param  74       C(16)           16          scalar                    87                                
 Z040                       Param  74       C(16)           16          scalar                    87                                
 Z045                       Param  74       C(16)           16          scalar                    87                                
 Z050                       Param  74       C(16)           16          scalar                    87                                
 Z051                       Param  75       C(16)           16          scalar                    87                                
 Z054                       Param  75       C(16)           16          scalar                    87                                
 Z056                       Param  75       C(16)           16          scalar                    88                                
 Z060                       Param  75       C(16)           16          scalar                    88                                
 Z064                       Param  76       C(16)           16          scalar                    88                                
 Z068                       Param  76       C(16)           16          scalar                    88                                
 Z070                       Param  76       C(16)           16          scalar                    88                                
 Z072                       Param  76       C(16)           16          scalar                    88                                
 Z075                       Param  77       C(16)           16          scalar                    89                                
 Z077                       Param  77       C(16)           16          scalar                    89                                
 Z079                       Param  77       C(16)           16          scalar                    89                                
 Z080                       Param  77       C(16)           16          scalar                    89                                
 Z090                       Param  78       C(16)           16          scalar                    89                                
 Z100                       Param  78       C(16)           16          scalar                    89                                
 Z101                       Param  78       C(16)           16          scalar                    90                                
 Z103                       Param  78       C(16)           16          scalar                    90                                
 Z105                       Param  79       C(16)           16          scalar                    90                                
 Z108                       Param  79       C(16)           16          scalar                    90                                
 Z110                       Param  79       C(16)           16          scalar                    90                                
 Z112                       Param  79       C(16)           16          scalar                    90                                
 Z116                       Param  80       C(16)           16          scalar                    91                                
 Z120                       Param  80       C(16)           16          scalar                    91                                
 Z124                       Param  80       C(16)           16          scalar                    91                                
 Z126                       Param  80       C(16)           16          scalar                    91                                
 Z129                       Param  81       C(16)           16          scalar                    91                                
 Z130                       Param  81       C(16)           16          scalar                    91                                
 Z135                       Param  81       C(16)           16          scalar                    92                                
 Z140                       Param  81       C(16)           16          scalar                    92                                
 Z141                       Param  82       C(16)           16          scalar                    92                                
 Z144                       Param  82       C(16)           16          scalar                    92                                
 Z146                       Param  82       C(16)           16          scalar                    92                                
 Z150                       Param  82       C(16)           16          scalar                    92                                
 Z154                       Param  83       C(16)           16          scalar                    93                                
 Z158                       Param  83       C(16)           16          scalar                    93                                
 Z160                       Param  83       C(16)           16          scalar                    93                                
 Z162                       Param  83       C(16)           16          scalar                    93                                
 Z165                       Param  84       C(16)           16          scalar                    93                                
 Z167                       Param  84       C(16)           16          scalar                    93                                
 Z169                       Param  84       C(16)           16          scalar                    94                                
 Z170                       Param  84       C(16)           16          scalar                    94                                
 Z180                       Param  85       C(16)           16          scalar                                                      

Page 4           Source Listing                  
2017-04-18 11:09 Symbol Table                    pietc.f90

 Name                       Object Declared Type            Bytes Dimen Elements Attributes       References                        
                                                                                                                                    
 Z190                       Param  85       C(16)           16          scalar                                                      
 Z191                       Param  85       C(16)           16          scalar                                                      
 Z193                       Param  85       C(16)           16          scalar                                                      
 Z195                       Param  85       C(16)           16          scalar                                                      
 Z198                       Param  85       C(16)           16          scalar                                                      
 Z200                       Param  86       C(16)           16          scalar                                                      
 Z202                       Param  86       C(16)           16          scalar                                                      
 Z206                       Param  86       C(16)           16          scalar                                                      
 Z210                       Param  86       C(16)           16          scalar                                                      
 Z214                       Param  86       C(16)           16          scalar                                                      
 Z216                       Param  86       C(16)           16          scalar                                                      
 Z219                       Param  87       C(16)           16          scalar                                                      
 Z220                       Param  87       C(16)           16          scalar                                                      
 Z225                       Param  87       C(16)           16          scalar                                                      
 Z230                       Param  87       C(16)           16          scalar                                                      
 Z231                       Param  87       C(16)           16          scalar                                                      
 Z234                       Param  87       C(16)           16          scalar                                                      
 Z236                       Param  88       C(16)           16          scalar                                                      
 Z240                       Param  88       C(16)           16          scalar                                                      
 Z244                       Param  88       C(16)           16          scalar                                                      
 Z248                       Param  88       C(16)           16          scalar                                                      
 Z250                       Param  88       C(16)           16          scalar                                                      
 Z252                       Param  88       C(16)           16          scalar                                                      
 Z255                       Param  89       C(16)           16          scalar                                                      
 Z257                       Param  89       C(16)           16          scalar                                                      
 Z259                       Param  89       C(16)           16          scalar                                                      
 Z260                       Param  89       C(16)           16          scalar                                                      
 Z270                       Param  89       C(16)           16          scalar                                                      
 Z280                       Param  89       C(16)           16          scalar                                                      
 Z281                       Param  90       C(16)           16          scalar                                                      
 Z283                       Param  90       C(16)           16          scalar                                                      
 Z285                       Param  90       C(16)           16          scalar                                                      
 Z288                       Param  90       C(16)           16          scalar                                                      
 Z290                       Param  90       C(16)           16          scalar                                                      
 Z292                       Param  90       C(16)           16          scalar                                                      
 Z296                       Param  91       C(16)           16          scalar                                                      
 Z300                       Param  91       C(16)           16          scalar                                                      
 Z304                       Param  91       C(16)           16          scalar                                                      
 Z306                       Param  91       C(16)           16          scalar                                                      
 Z309                       Param  91       C(16)           16          scalar                                                      
 Z310                       Param  91       C(16)           16          scalar                                                      
 Z315                       Param  92       C(16)           16          scalar                                                      
 Z320                       Param  92       C(16)           16          scalar                                                      
 Z321                       Param  92       C(16)           16          scalar                                                      
 Z324                       Param  92       C(16)           16          scalar                                                      
 Z326                       Param  92       C(16)           16          scalar                                                      
 Z330                       Param  92       C(16)           16          scalar                                                      
 Z334                       Param  93       C(16)           16          scalar                                                      
 Z338                       Param  93       C(16)           16          scalar                                                      
 Z340                       Param  93       C(16)           16          scalar                                                      
 Z342                       Param  93       C(16)           16          scalar                                                      
 Z345                       Param  93       C(16)           16          scalar                                                      
 Z347                       Param  93       C(16)           16          scalar                                                      
 Z349                       Param  94       C(16)           16          scalar                                                      
 Z350                       Param  94       C(16)           16          scalar                                                      

Page 5           Source Listing                  
2017-04-18 11:09                                 pietc.f90

      4 !=============================================================================
      5 !                           R. J. Purser (jim.purser@noaa.gov) 2014
      6 ! Some of the commonly used constants (pi etc) mainly for double-precision
      7 ! subroutines.
      8 ! ms10 etc are needed to satisfy the some (eg., gnu fortran) compilers'
      9 ! more rigorous standards regarding the way "data" statements are initialized.
     10 ! Zero and the first few units are u0,u1,u2, etc., their reciprocals being,
     11 ! o2,o3 etc and their square roots, r2,r3. Reciprocal roots are or2,or3 etc.
     12 !=============================================================================
     13 use pkind, only: dp,dpc
     14 implicit none
     15 logical ,parameter:: T=.true.,F=.false. !<- for pain-relief in logical ops
     16 real(dp),parameter:: &
     17      u0=0,u1=1,mu1=-u1,u2=2,mu2=-u2,u3=3,mu3=-u3,u4=4,mu4=-u4,u5=5,mu5=-u5, &
     18      u6=6,mu6=-u6,o2=u1/2,o3=u1/3,o4=u1/4,o5=u1/5,o6=u1/6,                  &
     19      pi =3.1415926535897932384626433832795028841971693993751058209749e0_dp, &
     20      pi2=6.2831853071795864769252867665590057683943387987502116419498e0_dp, &
     21      pih=1.5707963267948966192313216916397514420985846996875529104874e0_dp, &
     22      rpi=1.7724538509055160272981674833411451827975494561223871282138e0_dp, &
     23 ! Important square-roots
     24      r2 =1.4142135623730950488016887242096980785696718753769480731766e0_dp, &
     25      r3 =1.7320508075688772935274463415058723669428052538103806280558e0_dp, &
     26      r5 =2.2360679774997896964091736687312762354406183596115257242708e0_dp, &
     27      or2=u1/r2,or3=u1/r3,or5=u1/r5,                                         &
     28 ! Golden number:
     29      phi=1.6180339887498948482045868343656381177203091798057628621354e0_dp, &
     30 ! Euler-Mascheroni constant:
     31      euler=0.57721566490153286060651209008240243104215933593992359880e0_dp, &
     32 ! Degree to radians; radians to degrees:
     33      dtor=pi/180,rtod=180/pi,                                               & 
     34 ! Sines of all main fractions of 90 degrees (down to ninths):
     35      s10=.173648177666930348851716626769314796000375677184069387236241e0_dp,&
     36      s11=.195090322016128267848284868477022240927691617751954807754502e0_dp,&
     37      s13=.222520933956314404288902564496794759466355568764544955311987e0_dp,&
     38      s15=.258819045102520762348898837624048328349068901319930513814003e0_dp,&
     39      s18=.309016994374947424102293417182819058860154589902881431067724e0_dp,&
     40      s20=.342020143325668733044099614682259580763083367514160628465048e0_dp,&
     41      s22=.382683432365089771728459984030398866761344562485627041433800e0_dp,&
     42      s26=.433883739117558120475768332848358754609990727787459876444547e0_dp,&
     43      s30=o2,                                                                &
     44      s34=.555570233019602224742830813948532874374937190754804045924153e0_dp,&
     45      s36=.587785252292473129168705954639072768597652437643145991072272e0_dp,&
     46      s39=.623489801858733530525004884004239810632274730896402105365549e0_dp,&
     47      s40=.642787609686539326322643409907263432907559884205681790324977e0_dp,&
     48      s45=or2,                                                               &
     49      s50=.766044443118978035202392650555416673935832457080395245854045e0_dp,&
     50      s51=.781831482468029808708444526674057750232334518708687528980634e0_dp,&
     51      s54=.809016994374947424102293417182819058860154589902881431067724e0_dp,&
     52      s56=.831469612302545237078788377617905756738560811987249963446124e0_dp,&
     53      s60=r3*o2,                                                             &
     54      s64=.900968867902419126236102319507445051165919162131857150053562e0_dp,&
     55      s68=.923879532511286756128183189396788286822416625863642486115097e0_dp,&
     56      s70=.939692620785908384054109277324731469936208134264464633090286e0_dp,&
     57      s72=.951056516295153572116439333379382143405698634125750222447305e0_dp,&
     58      s75=.965925826289068286749743199728897367633904839008404550402343e0_dp,&
     59      s77=.974927912181823607018131682993931217232785800619997437648079e0_dp,&
     60      s79=.980785280403230449126182236134239036973933730893336095002916e0_dp,&

Page 6           Source Listing                  
2017-04-18 11:09                                 pietc.f90

     61      s80=.984807753012208059366743024589523013670643251719842418790025e0_dp,&
     62 ! ... and their minuses:
     63      ms10=-s10,ms11=-s11,ms13=-s13,ms15=-s15,ms18=-s18,ms20=-s20,ms22=-s22,&
     64      ms26=-s26,ms30=-s30,ms34=-s34,ms36=-s36,ms39=-s39,ms40=-s40,ms45=-s45,&
     65      ms50=-s50,ms51=-s51,ms54=-s54,ms56=-s56,ms60=-s60,ms64=-s64,ms68=-s68,&
     66      ms70=-s70,ms72=-s72,ms75=-s75,ms77=-s77,ms79=-s79,ms80=-s80
     67 
     68 complex(dpc),parameter:: &
     69      c0=(u0,u0),c1=(u1,u0),mc1=-c1,ci=(u0,u1),mci=-ci,cipi=ci*pi,     &
     70 ! Main fractional rotations, as unimodualr complex numbers:
     71      z000=c1        ,z010=( s80,s10),z011=( s79,s11),z013=( s77,s13),&
     72      z015=( s75,s15),z018=( s72,s18),z020=( s70,s20),z022=( s68,s22),&
     73      z026=( s64,s26),z030=( s60,s30),z034=( s56,s34),z036=( s54,s36),&
     74      z039=( s51,s39),z040=( s50,s40),z045=( s45,s45),z050=( s40,s50),&
     75      z051=( s39,s51),z054=( s36,s54),z056=( s34,s56),z060=( s30,s60),&
     76      z064=( s26,s64),z068=( s22,s68),z070=( s20,s70),z072=( s18,s72),&
     77      z075=( s15,s75),z077=( s13,s77),z079=( s11,s79),z080=( s10,s80),&
     78      z090=ci,        z100=(ms10,s80),z101=(ms11,s79),z103=(ms13,s77),&
     79      z105=(ms15,s75),z108=(ms18,s72),z110=(ms20,s70),z112=(ms22,s68),&
     80      z116=(ms26,s64),z120=(ms30,s60),z124=(ms34,s56),z126=(ms36,s54),&
     81      z129=(ms39,s51),z130=(ms40,s50),z135=(ms45,s45),z140=(ms50,s40),&
     82      z141=(ms51,s39),z144=(ms54,s36),z146=(ms56,s34),z150=(ms60,s30),&
     83      z154=(ms64,s26),z158=(ms68,s22),z160=(ms70,s20),z162=(ms72,s18),&
     84      z165=(ms75,s15),z167=(ms77,s13),z169=(ms79,s11),z170=(ms80,s10),&
     85      z180=-z000,z190=-z010,z191=-z011,z193=-z013,z195=-z015,z198=-z018,&
     86      z200=-z020,z202=-z022,z206=-z026,z210=-z030,z214=-z034,z216=-z036,&
     87      z219=-z039,z220=-z040,z225=-z045,z230=-z050,z231=-z051,z234=-z054,&
     88      z236=-z056,z240=-z060,z244=-z064,z248=-z068,z250=-z070,z252=-z072,&
     89      z255=-z075,z257=-z077,z259=-z079,z260=-z080,z270=-z090,z280=-z100,&
     90      z281=-z101,z283=-z103,z285=-z105,z288=-z108,z290=-z110,z292=-z112,&
     91      z296=-z116,z300=-z120,z304=-z124,z306=-z126,z309=-z129,z310=-z130,&
     92      z315=-z135,z320=-z140,z321=-z141,z324=-z144,z326=-z146,z330=-z150,&
     93      z334=-z154,z338=-z158,z340=-z160,z342=-z162,z345=-z165,z347=-z167,&
     94      z349=-z169,z350=-z170
     95 end module pietc

Page 7           Source Listing                  
2017-04-18 11:09 Subprograms/Common Blocks       pietc.f90



SUBPROGRAMS/COMMON BLOCKS

 Name                       Object Declared Type            Bytes Dimen Elements Attributes       References                        
                                                                                                                                    
 PIETC                      Module 3                                                                                                

COMPILER OPTIONS BEING USED

       -align noall                          -align nonone
       -align nocommons                      -align nodcommons
       -align noqcommons                     -align nozcommons
       -align records                        -align nosequence
       -align norec1byte                     -align norec2byte
       -align norec4byte                     -align norec8byte
       -align norec16byte                    -align norec32byte
       -align norec64byte                    -align noarray8byte
       -align noarray16byte                  -align noarray32byte
       -align noarray64byte                  -align noarray128byte
       -align noarray256byte                 -altparam
       -assume accuracy_sensitive            -assume nobscc
       -assume nobuffered_io                 -assume nobuffered_stdout
       -assume nobyterecl                    -assume nocc_omp
       -assume nocstring                     -assume nodummy_aliases
       -assume nofpe_summary                 -assume noieee_fpe_flags
       -assume nominus0                      -assume noold_boz
       -assume old_complex_align             -assume old_unit_star
       -assume noold_ldout_format            -assume noold_logical_ldio
       -assume old_maxminloc                 -assume old_xor
       -assume noprotect_allocates           -assume protect_constants
       -assume noprotect_parens              -assume split_common
       -assume source_include                -assume nostd_intent_in
       -assume std_minus0_rounding           -assume nostd_mod_proc_name
       -assume std_value                     -assume norealloc_lhs
       -assume underscore                    -assume no2underscores
  no   -auto                                 -auto_scalar
  no   -bintext                              -ccdefault default
       -check noargs                         -check noarg_temp_created
       -check noassume                       -check nobounds
       -check noformat                       -check nooutput_conversion
       -check nooverflow                     -check nopointers
       -check power                          -check noshape
       -check nostack                        -check nounderflow
       -check nouninitialized                -coarray-num-procs 0
  no   -coarray-config-file                  -convert big_endian
       -cross_reference                      -D __INTEL_COMPILER=1600
       -D __INTEL_COMPILER_UPDATE=3          -D __unix__
       -D __unix                             -D __linux__
       -D __linux                            -D __gnu_linux__
       -D unix                               -D linux
       -D __ELF__                            -D __x86_64
       -D __x86_64__                         -D __amd64
       -D __amd64__                          -D __INTEL_COMPILER_BUILD_DATE=20160415
       -D __INTEL_OFFLOAD                    -D __i686
       -D __i686__                           -D __pentiumpro
       -D __pentiumpro__                     -D __pentium4

Page 8           Source Listing                  
2017-04-18 11:09                                 pietc.f90

       -D __pentium4__                       -D __tune_pentium4__
       -D __SSE2__                           -D __SSE2_MATH__
       -D __SSE__                            -D __SSE_MATH__
       -D __MMX__                            -double_size 64
  no   -d_lines                         no   -Qdyncom
       -error_limit 30                  no   -f66
  no   -f77rtl                          no   -fast
       -fpscomp nofilesfromcmd               -fpscomp nogeneral
       -fpscomp noioformat                   -fpscomp noldio_spacing
       -fpscomp nologicals              no   -fpconstant
       -fpe3                                 -fprm nearest
  no   -ftz                                  -fp_model noprecise
       -fp_model fast                        -fp_model nostrict
       -fp_model nosource                    -fp_model nodouble
       -fp_model noextended                  -fp_model novery_fast
       -fp_model noexcept                    -fp_model nono_except
       -heap_arrays 0                   no   -threadprivate_compat
       -free                                 -g2
       -iface nomixed_str_len_arg            -iface nono_mixed_str_len_arg
       -init noarrays                        -init noinf
       -init nonan                           -init nosnan
       -init nozero                     no   -intconstant
       -integer_size 32                 no   -mixed_str_len_arg
  no   -module                               -names lowercase
  no   -noinclude                            -offload-build=host
       -O2                              no   -pad_source
       -real_size 32                    no   -recursive
       -reentrancy none                 no   -sharable_localsaves
       -vec=simd                             -show noinclude
       -show map                             -show options
  no   -syntax_only                     no   -threadcom
  no   -U                               no   -vms
       -w noall                              -w nonone
       -w alignments                         -w noargument_checking
       -w nodeclarations                     -w general
       -w noignore_bounds                    -w noignore_loc
       -w nointerfaces                       -w notruncated_source
       -w uncalled                           -w uninitialized
       -w nounused                           -w usage
  no   -wrap-margins

       -includepath : /usrx/local/intel/2016SP3/daal/include/,/usr/include/,.FOR,./.FOR,/usrx/local/intel/2016SP3/ipp/include/.FOR,
           /usrx/local/intel/2016SP3/mkl/include/.FOR,/usrx/local/intel/2016SP3/tbb/include/.FOR,/usrx/local/intel/2016SP3/daal/include/.FOR,
           /gpfs/tp1/usrx/local/intel/2016SP3/compilers_and_libraries_2016.3.210/linux/compiler/include/intel64/.FOR,
           /gpfs/tp1/usrx/local/intel/2016SP3/compilers_and_libraries_2016.3.210/linux/compiler/include/.FOR,/usr/local/include/.FOR,
           /usr/lib/gcc/x86_64-redhat-linux/4.4.7/include/.FOR,/usr/include/.FOR,/usr/include/.FOR,/usr/include/.FOR
       -list filename : pietc.lst
       -o    filename : none

COMPILER: Intel(R) Fortran 16.0-1633
