Page 1           Source Listing                  WORDLENGTH
2017-04-18 11:09                                 wordlength.f

      1 C$$$  SUBPROGRAM DOCUMENTATION BLOCK
      2 C
      3 C SUBPROGRAM:    WORDLENGTH
      4 C   PRGMMR: KEYSER           ORG: NP22       DATE: 2013-02-14
      5 C
      6 C ABSTRACT: DETERMINES THE NUMBER OF BYTES IN A FULL WORD, BOTH
      7 C   INTEGER AND REAL, FOR THE PARTICULAR MACHINE.
      8 C
      9 C PROGRAM HISTORY LOG:
     10 C 1999-08-04  KEYSER      ADAPTED FROM W3LIB ROUTINE W3FI01, BUT
     11 C   MODIFIED TO RETURN WORD LENGTH FOR REALS AS WELL AS INTEGERS
     12 C   (W3FI01 RETURNED WORD LENGTH ONLY FOR INTEGERS) - THE IBM SP
     13 C   ALLOWS REAL WORD LENGTH TO BE DIFFERENT FROM INTEGER WORD LENGTH
     14 C 2012-11-30  J. WOOLLEN  INITIAL PORT TO WCOSS 
     15 C 2013-02-14  D. A. KEYSER -- FINAL CHANGES TO RUN ON WCOSS
     16 C
     17 C USAGE:    CALL WORDLENGTH(LWI,LWR)
     18 C   OUTPUT ARGUMENT LIST:
     19 C     LWI      - MACHINE WORD LENGTH FOR INTEGERS (IN BYTES)
     20 C     LWR      - MACHINE WORD LENGTH FOR REALS (IN BYTES)
     21 C
     22 C REMARKS: SUBPROGRAM CAN BE CALLED FROM A MULTIPROCESSING ENVIRONMENT.
     23 C
     24 C ATTRIBUTES:
     25 C   LANGUAGE: FORTRAN 90
     26 C   MACHINE:  NCEP WCOSS
     27 C
     28 C$$$
     29       SUBROUTINE WORDLENGTH(LWI,LWR)
     30 
     31       CHARACTER*8  CTEST1,CTEST2,CTEST3,CTEST4
     32 
     33       INTEGER      ITEST1,ITEST2
     34 
     35       REAL         RTEST3,RTEST4
     36 
     37       EQUIVALENCE  (CTEST1,ITEST1),(CTEST2,ITEST2)
     38 
     39       EQUIVALENCE  (CTEST3,RTEST3),(CTEST4,RTEST4)
     40 
     41       DATA  CTEST1/'12345678'/,CTEST3/'12345678'/
     42 
     43       ITEST2 = ITEST1
     44       IF (CTEST1 .EQ. CTEST2) THEN
     45         LWI = 8
     46       ELSE
     47         LWI = 4
     48       END IF
     49 
     50       RTEST4 = RTEST3
     51       IF (CTEST3 .EQ. CTEST4) THEN
     52         LWR = 8
     53       ELSE
     54         LWR = 4
     55       END IF
     56 
     57       RETURN

Page 2           Source Listing                  WORDLENGTH
2017-04-18 11:09                                 wordlength.f

     58       END


ENTRY POINTS

  Name                   
                         
 wordlength_             


SYMBOL CROSS REFERENCE

 Name                       Object Declared Type            Bytes Dimen Elements Attributes       References                        
                                                                                                                                    
 CTEST1                     Local  31       CHAR            8           scalar   SAVE             41,44                             
 CTEST2                     Local  31       CHAR            8           scalar                    44                                
 CTEST3                     Local  31       CHAR            8           scalar   SAVE             41,51                             
 CTEST4                     Local  31       CHAR            8           scalar                    51                                
 ITEST1                     Local  33       I(4)            4           scalar                    43                                
 ITEST2                     Local  33       I(4)            4           scalar                    43                                
 LWI                        Dummy  29       I(4)            4           scalar   ARG,INOUT        45,47                             
 LWR                        Dummy  29       I(4)            4           scalar   ARG,INOUT        52,54                             
 RTEST3                     Local  35       R(4)            4           scalar                    50                                
 RTEST4                     Local  35       R(4)            4           scalar                    50                                
 WORDLENGTH                 Subr   29                                                                                               

Page 3           Source Listing                  WORDLENGTH
2017-04-18 11:09 Subprograms/Common Blocks       wordlength.f



SUBPROGRAMS/COMMON BLOCKS

 Name                       Object Declared Type            Bytes Dimen Elements Attributes       References                        
                                                                                                                                    
 WORDLENGTH                 Subr   29                                                                                               

COMPILER OPTIONS BEING USED

       -align noall                          -align nonone
       -align nocommons                      -align nodcommons
       -align noqcommons                     -align nozcommons
       -align records                        -align nosequence
       -align norec1byte                     -align norec2byte
       -align norec4byte                     -align norec8byte
       -align norec16byte                    -align norec32byte
       -align norec64byte                    -align noarray8byte
       -align noarray16byte                  -align noarray32byte
       -align noarray64byte                  -align noarray128byte
       -align noarray256byte                 -altparam
       -assume accuracy_sensitive            -assume nobscc
       -assume nobuffered_io                 -assume nobuffered_stdout
       -assume nobyterecl                    -assume nocc_omp
       -assume nocstring                     -assume nodummy_aliases
       -assume nofpe_summary                 -assume noieee_fpe_flags
       -assume nominus0                      -assume noold_boz
       -assume old_complex_align             -assume old_unit_star
       -assume noold_ldout_format            -assume noold_logical_ldio
       -assume old_maxminloc                 -assume old_xor
       -assume noprotect_allocates           -assume protect_constants
       -assume noprotect_parens              -assume split_common
       -assume source_include                -assume nostd_intent_in
       -assume std_minus0_rounding           -assume nostd_mod_proc_name
       -assume std_value                     -assume norealloc_lhs
       -assume underscore                    -assume no2underscores
       -auto                            no   -auto_scalar
  no   -bintext                              -ccdefault default
       -check noargs                         -check noarg_temp_created
       -check noassume                       -check nobounds
       -check noformat                       -check nooutput_conversion
       -check nooverflow                     -check nopointers
       -check power                          -check noshape
       -check nostack                        -check nounderflow
       -check nouninitialized                -coarray-num-procs 0
  no   -coarray-config-file                  -convert big_endian
       -cross_reference                      -D __INTEL_COMPILER=1600
       -D __INTEL_COMPILER_UPDATE=3          -D __unix__
       -D __unix                             -D __linux__
       -D __linux                            -D __gnu_linux__
       -D unix                               -D linux
       -D __ELF__                            -D __x86_64
       -D __x86_64__                         -D __amd64
       -D __amd64__                          -D __INTEL_COMPILER_BUILD_DATE=20160415
       -D __INTEL_OFFLOAD                    -D __i686
       -D __i686__                           -D __pentiumpro
       -D __pentiumpro__                     -D __pentium4

Page 4           Source Listing                  WORDLENGTH
2017-04-18 11:09                                 wordlength.f

       -D __pentium4__                       -D __tune_pentium4__
       -D __SSE2__                           -D __SSE2_MATH__
       -D __SSE__                            -D __SSE_MATH__
       -D __MMX__                            -double_size 64
  no   -d_lines                         no   -Qdyncom
       -error_limit 30                  no   -f66
  no   -f77rtl                          no   -fast
       -fpscomp nofilesfromcmd               -fpscomp nogeneral
       -fpscomp noioformat                   -fpscomp noldio_spacing
       -fpscomp nologicals                   -fixed
  no   -fpconstant                           -fpe3
       -fprm nearest                    no   -ftz
       -fp_model noprecise                   -fp_model fast
       -fp_model nostrict                    -fp_model nosource
       -fp_model nodouble                    -fp_model noextended
       -fp_model novery_fast                 -fp_model noexcept
       -fp_model nono_except                 -heap_arrays 0
  no   -threadprivate_compat                 -g2
       -iface nomixed_str_len_arg            -iface nono_mixed_str_len_arg
       -init noarrays                        -init noinf
       -init nonan                           -init nosnan
       -init nozero                     no   -intconstant
       -integer_size 32                 no   -mixed_str_len_arg
  no   -module                               -names lowercase
  no   -noinclude                            -offload-build=host
       -O2                              no   -pad_source
       -real_size 32                    no   -recursive
       -reentrancy none                 no   -sharable_localsaves
       -vec=simd                             -show noinclude
       -show map                             -show options
  no   -syntax_only                     no   -threadcom
  no   -U                               no   -vms
       -w noall                              -w nonone
       -w alignments                         -w noargument_checking
       -w nodeclarations                     -w general
       -w noignore_bounds                    -w noignore_loc
       -w nointerfaces                       -w notruncated_source
       -w uncalled                           -w uninitialized
       -w nounused                           -w usage
  no   -wrap-margins

       -includepath : /usrx/local/intel/2016SP3/daal/include/,/usr/include/,.FOR,./.FOR,/usrx/local/intel/2016SP3/ipp/include/.FOR,
           /usrx/local/intel/2016SP3/mkl/include/.FOR,/usrx/local/intel/2016SP3/tbb/include/.FOR,/usrx/local/intel/2016SP3/daal/include/.FOR,
           /gpfs/tp1/usrx/local/intel/2016SP3/compilers_and_libraries_2016.3.210/linux/compiler/include/intel64/.FOR,
           /gpfs/tp1/usrx/local/intel/2016SP3/compilers_and_libraries_2016.3.210/linux/compiler/include/.FOR,/usr/local/include/.FOR,
           /usr/lib/gcc/x86_64-redhat-linux/4.4.7/include/.FOR,/usr/include/.FOR,/usr/include/.FOR,/usr/include/.FOR
       -list filename : wordlength.lst
       -o    filename : none

COMPILER: Intel(R) Fortran 16.0-1633
